f:\cie year 2 s1\c++\spot - cie202 project code framework\geeks\spot\x64\debug\vc142.pdb
f:\cie year 2 s1\c++\spot - cie202 project code framework\geeks\spot\x64\debug\vc142.idb
f:\cie year 2 s1\c++\spot - cie202 project code framework\geeks\spot\x64\debug\studyplan.obj
f:\cie year 2 s1\c++\spot - cie202 project code framework\geeks\spot\x64\debug\academicyear.obj
f:\cie year 2 s1\c++\spot - cie202 project code framework\geeks\spot\x64\debug\registrar.obj
f:\cie year 2 s1\c++\spot - cie202 project code framework\geeks\spot\x64\debug\main.obj
f:\cie year 2 s1\c++\spot - cie202 project code framework\geeks\spot\x64\debug\gui.obj
f:\cie year 2 s1\c++\spot - cie202 project code framework\geeks\spot\x64\debug\drawable.obj
f:\cie year 2 s1\c++\spot - cie202 project code framework\geeks\spot\x64\debug\windowinput.obj
f:\cie year 2 s1\c++\spot - cie202 project code framework\geeks\spot\x64\debug\mousequeue.obj
f:\cie year 2 s1\c++\spot - cie202 project code framework\geeks\spot\x64\debug\keyqueue.obj
f:\cie year 2 s1\c++\spot - cie202 project code framework\geeks\spot\x64\debug\image.obj
f:\cie year 2 s1\c++\spot - cie202 project code framework\geeks\spot\x64\debug\colors.obj
f:\cie year 2 s1\c++\spot - cie202 project code framework\geeks\spot\x64\debug\cmugraphics.obj
f:\cie year 2 s1\c++\spot - cie202 project code framework\geeks\spot\x64\debug\course.obj
f:\cie year 2 s1\c++\spot - cie202 project code framework\geeks\spot\x64\debug\actionaddcourse.obj
f:\cie year 2 s1\c++\spot - cie202 project code framework\geeks\spot\x64\debug\actionloadstudyplan.obj
f:\cie year 2 s1\c++\spot - cie202 project code framework\geeks\spot\x64\debug\jerror.obj
f:\cie year 2 s1\c++\spot - cie202 project code framework\geeks\spot\x64\debug\jdtrans.obj
f:\cie year 2 s1\c++\spot - cie202 project code framework\geeks\spot\x64\debug\jdsample.obj
f:\cie year 2 s1\c++\spot - cie202 project code framework\geeks\spot\x64\debug\jdpostct.obj
f:\cie year 2 s1\c++\spot - cie202 project code framework\geeks\spot\x64\debug\jdphuff.obj
f:\cie year 2 s1\c++\spot - cie202 project code framework\geeks\spot\x64\debug\jdmerge.obj
f:\cie year 2 s1\c++\spot - cie202 project code framework\geeks\spot\x64\debug\jdmaster.obj
f:\cie year 2 s1\c++\spot - cie202 project code framework\geeks\spot\x64\debug\jdmarker.obj
f:\cie year 2 s1\c++\spot - cie202 project code framework\geeks\spot\x64\debug\jdmainct.obj
f:\cie year 2 s1\c++\spot - cie202 project code framework\geeks\spot\x64\debug\jdinput.obj
f:\cie year 2 s1\c++\spot - cie202 project code framework\geeks\spot\x64\debug\jdhuff.obj
f:\cie year 2 s1\c++\spot - cie202 project code framework\geeks\spot\x64\debug\jddctmgr.obj
f:\cie year 2 s1\c++\spot - cie202 project code framework\geeks\spot\x64\debug\jdcolor.obj
f:\cie year 2 s1\c++\spot - cie202 project code framework\geeks\spot\x64\debug\jdcoefct.obj
f:\cie year 2 s1\c++\spot - cie202 project code framework\geeks\spot\x64\debug\jdatasrc.obj
f:\cie year 2 s1\c++\spot - cie202 project code framework\geeks\spot\x64\debug\jdapistd.obj
f:\cie year 2 s1\c++\spot - cie202 project code framework\geeks\spot\x64\debug\jdapimin.obj
f:\cie year 2 s1\c++\spot - cie202 project code framework\geeks\spot\x64\debug\jcparam.obj
f:\cie year 2 s1\c++\spot - cie202 project code framework\geeks\spot\x64\debug\jcomapi.obj
f:\cie year 2 s1\c++\spot - cie202 project code framework\geeks\spot\x64\debug\jpegload.obj
f:\cie year 2 s1\c++\spot - cie202 project code framework\geeks\spot\x64\debug\jutils.obj
f:\cie year 2 s1\c++\spot - cie202 project code framework\geeks\spot\x64\debug\jquant2.obj
f:\cie year 2 s1\c++\spot - cie202 project code framework\geeks\spot\x64\debug\jquant1.obj
f:\cie year 2 s1\c++\spot - cie202 project code framework\geeks\spot\x64\debug\jmemnobs.obj
f:\cie year 2 s1\c++\spot - cie202 project code framework\geeks\spot\x64\debug\jmemmgr.obj
f:\cie year 2 s1\c++\spot - cie202 project code framework\geeks\spot\x64\debug\jidctred.obj
f:\cie year 2 s1\c++\spot - cie202 project code framework\geeks\spot\x64\debug\jidctint.obj
f:\cie year 2 s1\c++\spot - cie202 project code framework\geeks\spot\x64\debug\jidctfst.obj
f:\cie year 2 s1\c++\spot - cie202 project code framework\geeks\spot\x64\debug\jidctflt.obj
f:\cie year 2 s1\c++\spot - cie202 project code framework\geeks\x64\debug\spot.pdb
f:\cie year 2 s1\c++\spot - cie202 project code framework\geeks\spot\x64\debug\spot.tlog\cl.command.1.tlog
f:\cie year 2 s1\c++\spot - cie202 project code framework\geeks\spot\x64\debug\spot.tlog\cl.read.1.tlog
f:\cie year 2 s1\c++\spot - cie202 project code framework\geeks\spot\x64\debug\spot.tlog\cl.write.1.tlog
f:\cie year 2 s1\c++\spot - cie202 project code framework\geeks\spot\x64\debug\spot.tlog\link-cvtres.read.1.tlog
f:\cie year 2 s1\c++\spot - cie202 project code framework\geeks\spot\x64\debug\spot.tlog\link-cvtres.write.1.tlog
f:\cie year 2 s1\c++\spot - cie202 project code framework\geeks\spot\x64\debug\spot.tlog\link-rc.read.1.tlog
f:\cie year 2 s1\c++\spot - cie202 project code framework\geeks\spot\x64\debug\spot.tlog\link-rc.write.1.tlog
f:\cie year 2 s1\c++\spot - cie202 project code framework\geeks\spot\x64\debug\spot.tlog\link.command.1.tlog
f:\cie year 2 s1\c++\spot - cie202 project code framework\geeks\spot\x64\debug\spot.tlog\link.read.1.tlog
f:\cie year 2 s1\c++\spot - cie202 project code framework\geeks\spot\x64\debug\spot.tlog\link.write.1.tlog
