cl : command line warning D9035: option 'Gm' has been deprecated and will be removed in a future release
  demo.cpp
  windowinput.cpp
  mousequeue.cpp
  keyqueue.cpp
  image.cpp
F:\CIE Year 2 S1\C++\SPOT - CIE202 Project Code Framework\SPOT\GUI\Graphics Lib used in project - CMU\CMUgraphicsLib\image.cpp(115,29): warning C4018: '<': signed/unsigned mismatch
  CMUgraphics.cpp
F:\CIE Year 2 S1\C++\SPOT - CIE202 Project Code Framework\SPOT\GUI\Graphics Lib used in project - CMU\CMUgraphicsLib\CMUgraphics.cpp(257,9): warning C4101: 'iX': unreferenced local variable
F:\CIE Year 2 S1\C++\SPOT - CIE202 Project Code Framework\SPOT\GUI\Graphics Lib used in project - CMU\CMUgraphicsLib\CMUgraphics.cpp(257,13): warning C4101: 'iY': unreferenced local variable
F:\CIE Year 2 S1\C++\SPOT - CIE202 Project Code Framework\SPOT\GUI\Graphics Lib used in project - CMU\CMUgraphicsLib\CMUgraphics.cpp(1357,23): warning C4018: '>': signed/unsigned mismatch
  auxil.cpp
  Generating Code...
cl : command line warning D9035: option 'Gm' has been deprecated and will be removed in a future release
  jutils.c
  jquant2.c
  jquant1.c
  jmemnobs.c
  jmemmgr.c
  jidctred.c
  jidctint.c
  jidctfst.c
  jidctflt.c
  jerror.c
F:\CIE Year 2 S1\C++\SPOT - CIE202 Project Code Framework\SPOT\GUI\Graphics Lib used in project - CMU\CMUgraphicsLib\jpeg\jerror.c(169,30): warning C4047: 'function': 'const size_t' differs in levels of indirection from 'const char *'
F:\CIE Year 2 S1\C++\SPOT - CIE202 Project Code Framework\SPOT\GUI\Graphics Lib used in project - CMU\CMUgraphicsLib\jpeg\jerror.c(169,23): warning C4024: 'sprintf_s': different types for formal and actual parameter 2
F:\CIE Year 2 S1\C++\SPOT - CIE202 Project Code Framework\SPOT\GUI\Graphics Lib used in project - CMU\CMUgraphicsLib\jpeg\jerror.c(171,30): warning C4047: 'function': 'const size_t' differs in levels of indirection from 'const char *'
F:\CIE Year 2 S1\C++\SPOT - CIE202 Project Code Framework\SPOT\GUI\Graphics Lib used in project - CMU\CMUgraphicsLib\jpeg\jerror.c(171,23): warning C4024: 'sprintf_s': different types for formal and actual parameter 2
F:\CIE Year 2 S1\C++\SPOT - CIE202 Project Code Framework\SPOT\GUI\Graphics Lib used in project - CMU\CMUgraphicsLib\jpeg\jerror.c(172,24): warning C4047: 'function': 'const char *const ' differs in levels of indirection from 'int'
F:\CIE Year 2 S1\C++\SPOT - CIE202 Project Code Framework\SPOT\GUI\Graphics Lib used in project - CMU\CMUgraphicsLib\jpeg\jerror.c(172,21): warning C4024: 'sprintf_s': different types for formal and actual parameter 3
  jdtrans.c
  jdsample.c
  jdpostct.c
  jdphuff.c
  jdmerge.c
  jdmaster.c
  jdmarker.c
  jdmainct.c
  jdinput.c
  jdhuff.c
  Generating Code...
  Compiling...
  jddctmgr.c
  jdcolor.c
  jdcoefct.c
  jdatasrc.c
  jdapistd.c
  jdapimin.c
  jcparam.c
  jcomapi.c
  jpegload.c
  Generating Code...
auxil.obj : warning LNK4075: ignoring '/EDITANDCONTINUE' due to '/SAFESEH' specification
  graphics_prj.vcxproj -> F:\CIE Year 2 S1\C++\SPOT - CIE202 Project Code Framework\SPOT\GUI\Graphics Lib used in project - CMU\.\Debug\graphics_prj.exe
